{"name": "Проверка увеличения счетчика \"Выполнено за всё время\" при создании нового заказа", "status": "broken", "statusDetails": {"message": "selenium.common.exceptions.ElementClickInterceptedException: Message: Element <a class=\"AppHeader_header__link__3D_hX\" href=\"/feed\"> is not clickable at point (284,44) because another element <div class=\"Modal_modal__contentBox__sCy8X pt-30 pb-30\"> obscures it\nStacktrace:\nRemoteError@chrome://remote/content/shared/RemoteError.sys.mjs:8:8\nWebDriverError@chrome://remote/content/shared/webdriver/Errors.sys.mjs:193:5\nElementClickInterceptedError@chrome://remote/content/shared/webdriver/Errors.sys.mjs:337:5\nwebdriverClickElement@chrome://remote/content/marionette/interaction.sys.mjs:176:11\ninteraction.clickElement@chrome://remote/content/marionette/interaction.sys.mjs:135:11\nclickElement@chrome://remote/content/marionette/actors/MarionetteCommandsChild.sys.mjs:204:29\nreceiveMessage@chrome://remote/content/marionette/actors/MarionetteCommandsChild.sys.mjs:84:31", "trace": "tests\\test_section_order_feed.py:56: in test_increases_completed_for_all_time_counter_when_creating_new_order\n    header.click_on_order_feed()\n        counter_before = 93540\n        header     = <pages.header.Header object at 0x000002C12A30D790>\n        home_page  = <pages.home_page.HomePage object at 0x000002C12A30E510>\n        logining   = None\n        order_feed = <pages.order_feed_page.OrderFeedPage object at 0x000002C12A30EE70>\n        self       = <tests.test_section_order_feed.TestSectionOrderFeed object at 0x000002C1298B1730>\n        user       = {'email': 'danilovazari@example.net', 'password': 'UEHtYFmO9'}\n        web_driver = <selenium.webdriver.firefox.webdriver.WebDriver (session=\"8edded97-ddcb-4ea2-804a-e1696ad325cd\")>\npages\\header.py:29: in click_on_order_feed\n    self.click_element(HeaderLocators.ORDER_FEED)\n        self       = <pages.header.Header object at 0x000002C12A30D790>\npages\\base_page.py:36: in click_element\n    WebDriverWait(self.driver, timeout).until(expected_conditions.element_to_be_clickable(locator)).click()\n        locator    = ['xpath', \".//a[contains(@class, 'AppHeader_header__link') and @href='/feed']\"]\n        self       = <pages.header.Header object at 0x000002C12A30D790>\n        timeout    = 30\n.venv\\Lib\\site-packages\\selenium\\webdriver\\remote\\webelement.py:94: in click\n    self._execute(Command.CLICK_ELEMENT)\n        self       = <selenium.webdriver.remote.webelement.WebElement (session=\"8edded97-ddcb-4ea2-804a-e1696ad325cd\", element=\"54a57de4-c69e-465a-ac85-d8f1337199ed\")>\n.venv\\Lib\\site-packages\\selenium\\webdriver\\remote\\webelement.py:395: in _execute\n    return self._parent.execute(command, params)\n        command    = 'clickElement'\n        params     = {'id': '54a57de4-c69e-465a-ac85-d8f1337199ed'}\n        self       = <selenium.webdriver.remote.webelement.WebElement (session=\"8edded97-ddcb-4ea2-804a-e1696ad325cd\", element=\"54a57de4-c69e-465a-ac85-d8f1337199ed\")>\n.venv\\Lib\\site-packages\\selenium\\webdriver\\remote\\webdriver.py:354: in execute\n    self.error_handler.check_response(response)\n        driver_command = 'clickElement'\n        params     = {}\n        response   = {'status': 400, 'value': '{\"value\":{\"error\":\"element click intercepted\",\"message\":\"Element <a class=\\\\\"AppHeader_heade...sys.mjs:204:29\\\\nreceiveMessage@chrome://remote/content/marionette/actors/MarionetteCommandsChild.sys.mjs:84:31\\\\n\"}}'}\n        self       = <selenium.webdriver.firefox.webdriver.WebDriver (session=\"8edded97-ddcb-4ea2-804a-e1696ad325cd\")>\n.venv\\Lib\\site-packages\\selenium\\webdriver\\remote\\errorhandler.py:229: in check_response\n    raise exception_class(message, screen, stacktrace)\nE   selenium.common.exceptions.ElementClickInterceptedException: Message: Element <a class=\"AppHeader_header__link__3D_hX\" href=\"/feed\"> is not clickable at point (284,44) because another element <div class=\"Modal_modal__contentBox__sCy8X pt-30 pb-30\"> obscures it\nE   Stacktrace:\nE   RemoteError@chrome://remote/content/shared/RemoteError.sys.mjs:8:8\nE   WebDriverError@chrome://remote/content/shared/webdriver/Errors.sys.mjs:193:5\nE   ElementClickInterceptedError@chrome://remote/content/shared/webdriver/Errors.sys.mjs:337:5\nE   webdriverClickElement@chrome://remote/content/marionette/interaction.sys.mjs:176:11\nE   interaction.clickElement@chrome://remote/content/marionette/interaction.sys.mjs:135:11\nE   clickElement@chrome://remote/content/marionette/actors/MarionetteCommandsChild.sys.mjs:204:29\nE   receiveMessage@chrome://remote/content/marionette/actors/MarionetteCommandsChild.sys.mjs:84:31\n        e          = <selenium.webdriver.remote.errorhandler.ErrorCode object at 0x000002C12A30E7E0>\n        error_code = 'ELEMENT_CLICK_INTERCEPTED'\n        error_codes = ['ELEMENT_CLICK_INTERCEPTED', 'ELEMENT_IS_NOT_SELECTABLE', 'ELEMENT_NOT_INTERACTABLE', 'ELEMENT_NOT_VISIBLE', 'IME_ENGINE_ACTIVATION_FAILED', 'IME_NOT_AVAILABLE', ...]\n        error_info = [64, 'element click intercepted']\n        exception_class = <class 'selenium.common.exceptions.ElementClickInterceptedException'>\n        json       = <module 'json' from 'C:\\\\Users\\\\FBOOK\\\\AppData\\\\Local\\\\Programs\\\\Python\\\\Python312\\\\Lib\\\\json\\\\__init__.py'>\n        message    = 'Element <a class=\"AppHeader_header__link__3D_hX\" href=\"/feed\"> is not clickable at point (284,44) because another element <div class=\"Modal_modal__contentBox__sCy8X pt-30 pb-30\"> obscures it'\n        response   = {'status': 400, 'value': '{\"value\":{\"error\":\"element click intercepted\",\"message\":\"Element <a class=\\\\\"AppHeader_heade...sys.mjs:204:29\\\\nreceiveMessage@chrome://remote/content/marionette/actors/MarionetteCommandsChild.sys.mjs:84:31\\\\n\"}}'}\n        screen     = None\n        self       = <selenium.webdriver.remote.errorhandler.ErrorHandler object at 0x000002C12A33AB10>\n        st_value   = 'RemoteError@chrome://remote/content/shared/RemoteError.sys.mjs:8:8\\nWebDriverError@chrome://remote/content/shared/web...Child.sys.mjs:204:29\\nreceiveMessage@chrome://remote/content/marionette/actors/MarionetteCommandsChild.sys.mjs:84:31\\n'\n        stacktrace = ['RemoteError@chrome://remote/content/shared/RemoteError.sys.mjs:8:8', 'WebDriverError@chrome://remote/content/shared/....sys.mjs:135:11', 'clickElement@chrome://remote/content/marionette/actors/MarionetteCommandsChild.sys.mjs:204:29', ...]\n        status     = 'element click intercepted'\n        value      = {'error': 'element click intercepted', 'message': 'Element <a class=\"AppHeader_header__link__3D_hX\" href=\"/feed\"> is n...hild.sys.mjs:204:29\\nreceiveMessage@chrome://remote/content/marionette/actors/MarionetteCommandsChild.sys.mjs:84:31\\n'}\n        value_json = '{\"value\":{\"error\":\"element click intercepted\",\"message\":\"Element <a class=\\\\\"AppHeader_header__link__3D_hX\\\\\" href=\\\\....sys.mjs:204:29\\\\nreceiveMessage@chrome://remote/content/marionette/actors/MarionetteCommandsChild.sys.mjs:84:31\\\\n\"}}'"}, "steps": [{"name": "Проверяем переход по клику на \"Лента заказов\" в шапке сайта", "status": "passed", "start": 1720346648292, "stop": 1720346648530}, {"name": "Получаем значение счетчика \"Выполнено за всё время\"", "status": "passed", "start": 1720346648530, "stop": 1720346649054}, {"name": "Проверяем переход по клику на \"Конструктор\" в шапке сайта", "status": "passed", "start": 1720346649054, "stop": 1720346649293}, {"name": "Добавляем ингредиент в корзину для оформления заказа", "status": "passed", "start": 1720346649293, "stop": 1720346649399}, {"name": "Добавляем ингредиент в корзину для оформления заказа", "status": "passed", "start": 1720346649399, "stop": 1720346649499}, {"name": "Добавляем ингредиент в корзину для оформления заказа", "status": "passed", "start": 1720346649499, "stop": 1720346649591}, {"name": "Клик на кнопку \"Оформить заказ\"", "status": "passed", "start": 1720346649591, "stop": 1720346649822}, {"name": "Клик на крестик во всплывающем окне", "status": "passed", "start": 1720346649822, "stop": 1720346651585}, {"name": "Проверяем переход по клику на \"Лента заказов\" в шапке сайта", "status": "broken", "statusDetails": {"message": "selenium.common.exceptions.ElementClickInterceptedException: Message: Element <a class=\"AppHeader_header__link__3D_hX\" href=\"/feed\"> is not clickable at point (284,44) because another element <div class=\"Modal_modal__contentBox__sCy8X pt-30 pb-30\"> obscures it\nStacktrace:\nRemoteError@chrome://remote/content/shared/RemoteError.sys.mjs:8:8\nWebDriverError@chrome://remote/content/shared/webdriver/Errors.sys.mjs:193:5\nElementClickInterceptedError@chrome://remote/content/shared/webdriver/Errors.sys.mjs:337:5\nwebdriverClickElement@chrome://remote/content/marionette/interaction.sys.mjs:176:11\ninteraction.clickElement@chrome://remote/content/marionette/interaction.sys.mjs:135:11\nclickElement@chrome://remote/content/marionette/actors/MarionetteCommandsChild.sys.mjs:204:29\nreceiveMessage@chrome://remote/content/marionette/actors/MarionetteCommandsChild.sys.mjs:84:31\n\n", "trace": "  File \"C:\\cygwin64\\home\\FBOOK\\Diplom\\Diplom_3\\pages\\header.py\", line 29, in click_on_order_feed\n    self.click_element(HeaderLocators.ORDER_FEED)\n  File \"C:\\cygwin64\\home\\FBOOK\\Diplom\\Diplom_3\\pages\\base_page.py\", line 36, in click_element\n    WebDriverWait(self.driver, timeout).until(expected_conditions.element_to_be_clickable(locator)).click()\n  File \"C:\\cygwin64\\home\\FBOOK\\Diplom\\Diplom_3\\.venv\\Lib\\site-packages\\selenium\\webdriver\\remote\\webelement.py\", line 94, in click\n    self._execute(Command.CLICK_ELEMENT)\n  File \"C:\\cygwin64\\home\\FBOOK\\Diplom\\Diplom_3\\.venv\\Lib\\site-packages\\selenium\\webdriver\\remote\\webelement.py\", line 395, in _execute\n    return self._parent.execute(command, params)\n           ^^^^^^^^^^^^^^^^^^^^^^^^^^^^^^^^^^^^^\n  File \"C:\\cygwin64\\home\\FBOOK\\Diplom\\Diplom_3\\.venv\\Lib\\site-packages\\selenium\\webdriver\\remote\\webdriver.py\", line 354, in execute\n    self.error_handler.check_response(response)\n  File \"C:\\cygwin64\\home\\FBOOK\\Diplom\\Diplom_3\\.venv\\Lib\\site-packages\\selenium\\webdriver\\remote\\errorhandler.py\", line 229, in check_response\n    raise exception_class(message, screen, stacktrace)\n"}, "start": 1720346651585, "stop": 1720346651609}], "parameters": [{"name": "web_driver", "value": "'firefox'"}], "start": 1720346648292, "stop": 1720346651610, "uuid": "64f43b3a-d311-4002-ac16-bc63129c5a40", "historyId": "6ca2c07a5e72b2ec92148ce7a924abdb", "testCaseId": "86f16ce3681720c2af5131fa03559ffd", "fullName": "tests.test_section_order_feed.TestSectionOrderFeed#test_increases_completed_for_all_time_counter_when_creating_new_order", "labels": [{"name": "parentSuite", "value": "tests"}, {"name": "suite", "value": "test_section_order_feed"}, {"name": "subSuite", "value": "TestSectionOrderFeed"}, {"name": "host", "value": "FLTP-5R3-8512"}, {"name": "thread", "value": "15548-MainThread"}, {"name": "framework", "value": "pytest"}, {"name": "language", "value": "cpython3"}, {"name": "package", "value": "tests.test_section_order_feed"}]}