{"name": "Проверка отображения заказов пользователя из раздела \"История заказов\" на странице \"Лента заказов\"", "status": "broken", "statusDetails": {"message": "selenium.common.exceptions.ElementClickInterceptedException: Message: Element <a class=\"AppHeader_header__link__3D_hX\" href=\"/account\"> is not clickable at point (1176,44) because another element <div class=\"Modal_modal_overlay__x2ZCr\"> obscures it\nStacktrace:\nRemoteError@chrome://remote/content/shared/RemoteError.sys.mjs:8:8\nWebDriverError@chrome://remote/content/shared/webdriver/Errors.sys.mjs:193:5\nElementClickInterceptedError@chrome://remote/content/shared/webdriver/Errors.sys.mjs:337:5\nwebdriverClickElement@chrome://remote/content/marionette/interaction.sys.mjs:176:11\ninteraction.clickElement@chrome://remote/content/marionette/interaction.sys.mjs:135:11\nclickElement@chrome://remote/content/marionette/actors/MarionetteCommandsChild.sys.mjs:204:29\nreceiveMessage@chrome://remote/content/marionette/actors/MarionetteCommandsChild.sys.mjs:84:31", "trace": "tests\\test_section_order_feed.py:30: in test_display_user_orders_from_order_history_section_on_order_feed_page\n    header.click_on_personal_account()\n        header     = <pages.header.Header object at 0x000002C12984BD10>\n        home_page  = <pages.home_page.HomePage object at 0x000002C12A338A70>\n        logining   = None\n        self       = <tests.test_section_order_feed.TestSectionOrderFeed object at 0x000002C1298B1370>\n        user       = {'email': 'fedosilazarev@example.com', 'password': 'VMh2gTtr1'}\n        web_driver = <selenium.webdriver.firefox.webdriver.WebDriver (session=\"d654cbd1-8c99-4934-8c80-9ad21a38f125\")>\npages\\header.py:37: in click_on_personal_account\n    self.click_element(HeaderLocators.PERSONAL_ACCOUNT)\n        self       = <pages.header.Header object at 0x000002C12984BD10>\npages\\base_page.py:36: in click_element\n    WebDriverWait(self.driver, timeout).until(expected_conditions.element_to_be_clickable(locator)).click()\n        locator    = ['xpath', \".//a[contains(@class, 'AppHeader_header__link') and @href='/account']\"]\n        self       = <pages.header.Header object at 0x000002C12984BD10>\n        timeout    = 30\n.venv\\Lib\\site-packages\\selenium\\webdriver\\remote\\webelement.py:94: in click\n    self._execute(Command.CLICK_ELEMENT)\n        self       = <selenium.webdriver.remote.webelement.WebElement (session=\"d654cbd1-8c99-4934-8c80-9ad21a38f125\", element=\"71073dcd-4a16-4f77-9576-c9abb5ea0f77\")>\n.venv\\Lib\\site-packages\\selenium\\webdriver\\remote\\webelement.py:395: in _execute\n    return self._parent.execute(command, params)\n        command    = 'clickElement'\n        params     = {'id': '71073dcd-4a16-4f77-9576-c9abb5ea0f77'}\n        self       = <selenium.webdriver.remote.webelement.WebElement (session=\"d654cbd1-8c99-4934-8c80-9ad21a38f125\", element=\"71073dcd-4a16-4f77-9576-c9abb5ea0f77\")>\n.venv\\Lib\\site-packages\\selenium\\webdriver\\remote\\webdriver.py:354: in execute\n    self.error_handler.check_response(response)\n        driver_command = 'clickElement'\n        params     = {}\n        response   = {'status': 400, 'value': '{\"value\":{\"error\":\"element click intercepted\",\"message\":\"Element <a class=\\\\\"AppHeader_heade...sys.mjs:204:29\\\\nreceiveMessage@chrome://remote/content/marionette/actors/MarionetteCommandsChild.sys.mjs:84:31\\\\n\"}}'}\n        self       = <selenium.webdriver.firefox.webdriver.WebDriver (session=\"d654cbd1-8c99-4934-8c80-9ad21a38f125\")>\n.venv\\Lib\\site-packages\\selenium\\webdriver\\remote\\errorhandler.py:229: in check_response\n    raise exception_class(message, screen, stacktrace)\nE   selenium.common.exceptions.ElementClickInterceptedException: Message: Element <a class=\"AppHeader_header__link__3D_hX\" href=\"/account\"> is not clickable at point (1176,44) because another element <div class=\"Modal_modal_overlay__x2ZCr\"> obscures it\nE   Stacktrace:\nE   RemoteError@chrome://remote/content/shared/RemoteError.sys.mjs:8:8\nE   WebDriverError@chrome://remote/content/shared/webdriver/Errors.sys.mjs:193:5\nE   ElementClickInterceptedError@chrome://remote/content/shared/webdriver/Errors.sys.mjs:337:5\nE   webdriverClickElement@chrome://remote/content/marionette/interaction.sys.mjs:176:11\nE   interaction.clickElement@chrome://remote/content/marionette/interaction.sys.mjs:135:11\nE   clickElement@chrome://remote/content/marionette/actors/MarionetteCommandsChild.sys.mjs:204:29\nE   receiveMessage@chrome://remote/content/marionette/actors/MarionetteCommandsChild.sys.mjs:84:31\n        e          = <selenium.webdriver.remote.errorhandler.ErrorCode object at 0x000002C12A30F680>\n        error_code = 'ELEMENT_CLICK_INTERCEPTED'\n        error_codes = ['ELEMENT_CLICK_INTERCEPTED', 'ELEMENT_IS_NOT_SELECTABLE', 'ELEMENT_NOT_INTERACTABLE', 'ELEMENT_NOT_VISIBLE', 'IME_ENGINE_ACTIVATION_FAILED', 'IME_NOT_AVAILABLE', ...]\n        error_info = [64, 'element click intercepted']\n        exception_class = <class 'selenium.common.exceptions.ElementClickInterceptedException'>\n        json       = <module 'json' from 'C:\\\\Users\\\\FBOOK\\\\AppData\\\\Local\\\\Programs\\\\Python\\\\Python312\\\\Lib\\\\json\\\\__init__.py'>\n        message    = 'Element <a class=\"AppHeader_header__link__3D_hX\" href=\"/account\"> is not clickable at point (1176,44) because another element <div class=\"Modal_modal_overlay__x2ZCr\"> obscures it'\n        response   = {'status': 400, 'value': '{\"value\":{\"error\":\"element click intercepted\",\"message\":\"Element <a class=\\\\\"AppHeader_heade...sys.mjs:204:29\\\\nreceiveMessage@chrome://remote/content/marionette/actors/MarionetteCommandsChild.sys.mjs:84:31\\\\n\"}}'}\n        screen     = None\n        self       = <selenium.webdriver.remote.errorhandler.ErrorHandler object at 0x000002C12A30FC50>\n        st_value   = 'RemoteError@chrome://remote/content/shared/RemoteError.sys.mjs:8:8\\nWebDriverError@chrome://remote/content/shared/web...Child.sys.mjs:204:29\\nreceiveMessage@chrome://remote/content/marionette/actors/MarionetteCommandsChild.sys.mjs:84:31\\n'\n        stacktrace = ['RemoteError@chrome://remote/content/shared/RemoteError.sys.mjs:8:8', 'WebDriverError@chrome://remote/content/shared/....sys.mjs:135:11', 'clickElement@chrome://remote/content/marionette/actors/MarionetteCommandsChild.sys.mjs:204:29', ...]\n        status     = 'element click intercepted'\n        value      = {'error': 'element click intercepted', 'message': 'Element <a class=\"AppHeader_header__link__3D_hX\" href=\"/account\"> i...hild.sys.mjs:204:29\\nreceiveMessage@chrome://remote/content/marionette/actors/MarionetteCommandsChild.sys.mjs:84:31\\n'}\n        value_json = '{\"value\":{\"error\":\"element click intercepted\",\"message\":\"Element <a class=\\\\\"AppHeader_header__link__3D_hX\\\\\" href=\\\\....sys.mjs:204:29\\\\nreceiveMessage@chrome://remote/content/marionette/actors/MarionetteCommandsChild.sys.mjs:84:31\\\\n\"}}'"}, "steps": [{"name": "Добавляем ингредиент в корзину для оформления заказа", "status": "passed", "start": 1720346619607, "stop": 1720346619714}, {"name": "Добавляем ингредиент в корзину для оформления заказа", "status": "passed", "start": 1720346619714, "stop": 1720346619810}, {"name": "Добавляем ингредиент в корзину для оформления заказа", "status": "passed", "start": 1720346619810, "stop": 1720346619905}, {"name": "Клик на кнопку \"Оформить заказ\"", "status": "passed", "start": 1720346619905, "stop": 1720346620144}, {"name": "Клик на крестик во всплывающем окне", "status": "passed", "start": 1720346620144, "stop": 1720346621904}, {"name": "Проверяем переход по клику на \"Личный кабинет\" в шапке сайта", "status": "broken", "statusDetails": {"message": "selenium.common.exceptions.ElementClickInterceptedException: Message: Element <a class=\"AppHeader_header__link__3D_hX\" href=\"/account\"> is not clickable at point (1176,44) because another element <div class=\"Modal_modal_overlay__x2ZCr\"> obscures it\nStacktrace:\nRemoteError@chrome://remote/content/shared/RemoteError.sys.mjs:8:8\nWebDriverError@chrome://remote/content/shared/webdriver/Errors.sys.mjs:193:5\nElementClickInterceptedError@chrome://remote/content/shared/webdriver/Errors.sys.mjs:337:5\nwebdriverClickElement@chrome://remote/content/marionette/interaction.sys.mjs:176:11\ninteraction.clickElement@chrome://remote/content/marionette/interaction.sys.mjs:135:11\nclickElement@chrome://remote/content/marionette/actors/MarionetteCommandsChild.sys.mjs:204:29\nreceiveMessage@chrome://remote/content/marionette/actors/MarionetteCommandsChild.sys.mjs:84:31\n\n", "trace": "  File \"C:\\cygwin64\\home\\FBOOK\\Diplom\\Diplom_3\\pages\\header.py\", line 37, in click_on_personal_account\n    self.click_element(HeaderLocators.PERSONAL_ACCOUNT)\n  File \"C:\\cygwin64\\home\\FBOOK\\Diplom\\Diplom_3\\pages\\base_page.py\", line 36, in click_element\n    WebDriverWait(self.driver, timeout).until(expected_conditions.element_to_be_clickable(locator)).click()\n  File \"C:\\cygwin64\\home\\FBOOK\\Diplom\\Diplom_3\\.venv\\Lib\\site-packages\\selenium\\webdriver\\remote\\webelement.py\", line 94, in click\n    self._execute(Command.CLICK_ELEMENT)\n  File \"C:\\cygwin64\\home\\FBOOK\\Diplom\\Diplom_3\\.venv\\Lib\\site-packages\\selenium\\webdriver\\remote\\webelement.py\", line 395, in _execute\n    return self._parent.execute(command, params)\n           ^^^^^^^^^^^^^^^^^^^^^^^^^^^^^^^^^^^^^\n  File \"C:\\cygwin64\\home\\FBOOK\\Diplom\\Diplom_3\\.venv\\Lib\\site-packages\\selenium\\webdriver\\remote\\webdriver.py\", line 354, in execute\n    self.error_handler.check_response(response)\n  File \"C:\\cygwin64\\home\\FBOOK\\Diplom\\Diplom_3\\.venv\\Lib\\site-packages\\selenium\\webdriver\\remote\\errorhandler.py\", line 229, in check_response\n    raise exception_class(message, screen, stacktrace)\n"}, "start": 1720346621904, "stop": 1720346621929}], "parameters": [{"name": "web_driver", "value": "'firefox'"}], "start": 1720346619607, "stop": 1720346621934, "uuid": "56d2ccf0-7d72-42d0-9b78-ca073778c0ef", "historyId": "a96c91a4fcc93c49470f4a0fda28946e", "testCaseId": "d7dae345e0dc6155dc7e4050ef32f4d1", "fullName": "tests.test_section_order_feed.TestSectionOrderFeed#test_display_user_orders_from_order_history_section_on_order_feed_page", "labels": [{"name": "parentSuite", "value": "tests"}, {"name": "suite", "value": "test_section_order_feed"}, {"name": "subSuite", "value": "TestSectionOrderFeed"}, {"name": "host", "value": "FLTP-5R3-8512"}, {"name": "thread", "value": "15548-MainThread"}, {"name": "framework", "value": "pytest"}, {"name": "language", "value": "cpython3"}, {"name": "package", "value": "tests.test_section_order_feed"}]}